[2026-03-17T08:02:22.811+0000] {local_task_job_runner.py:120} INFO - ::group::Pre task execution logs
[2026-03-17T08:02:22.822+0000] {taskinstance.py:2076} INFO - Dependencies all met for dep_context=non-requeueable deps ti=<TaskInstance: netflix_medallion_pipeline.ingest_users scheduled__2026-03-16T02:00:00+00:00 [queued]>
[2026-03-17T08:02:22.825+0000] {taskinstance.py:2076} INFO - Dependencies all met for dep_context=requeueable deps ti=<TaskInstance: netflix_medallion_pipeline.ingest_users scheduled__2026-03-16T02:00:00+00:00 [queued]>
[2026-03-17T08:02:22.826+0000] {taskinstance.py:2306} INFO - Starting attempt 2 of 4
[2026-03-17T08:02:22.831+0000] {taskinstance.py:2330} INFO - Executing <Task(PythonOperator): ingest_users> on 2026-03-16 02:00:00+00:00
[2026-03-17T08:02:22.834+0000] {warnings.py:110} WARNING - /home/***/.local/lib/python3.12/site-packages/***/task/task_runner/standard_task_runner.py:61: DeprecationWarning: This process (pid=1975) is multi-threaded, use of fork() may lead to deadlocks in the child.
  pid = os.fork()

[2026-03-17T08:02:22.835+0000] {standard_task_runner.py:63} INFO - Started process 1981 to run task
[2026-03-17T08:02:22.835+0000] {standard_task_runner.py:90} INFO - Running: ['***', 'tasks', 'run', 'netflix_medallion_pipeline', 'ingest_users', 'scheduled__2026-03-16T02:00:00+00:00', '--job-id', '9', '--raw', '--subdir', 'DAGS_FOLDER/netflix_pipeline_dag.py', '--cfg-path', '/tmp/tmpqb0bb09c']
[2026-03-17T08:02:22.837+0000] {standard_task_runner.py:91} INFO - Job 9: Subtask ingest_users
[2026-03-17T08:02:22.858+0000] {task_command.py:426} INFO - Running <TaskInstance: netflix_medallion_pipeline.ingest_users scheduled__2026-03-16T02:00:00+00:00 [running]> on host 0575694016a5
[2026-03-17T08:02:22.893+0000] {taskinstance.py:2648} INFO - Exporting env vars: AIRFLOW_CTX_DAG_EMAIL='data-team@netflix.local' AIRFLOW_CTX_DAG_OWNER='data-engineering' AIRFLOW_CTX_DAG_ID='netflix_medallion_pipeline' AIRFLOW_CTX_TASK_ID='ingest_users' AIRFLOW_CTX_EXECUTION_DATE='2026-03-16T02:00:00+00:00' AIRFLOW_CTX_TRY_NUMBER='2' AIRFLOW_CTX_DAG_RUN_ID='scheduled__2026-03-16T02:00:00+00:00'
[2026-03-17T08:02:22.895+0000] {taskinstance.py:430} INFO - ::endgroup::
[2026-03-17T08:02:22.896+0000] {taskinstance.py:441} INFO - ::group::Post task execution logs
[2026-03-17T08:02:22.897+0000] {taskinstance.py:2905} ERROR - Task failed with exception
Traceback (most recent call last):
  File "/home/airflow/.local/lib/python3.12/site-packages/airflow/models/taskinstance.py", line 465, in _execute_task
    result = _execute_callable(context=context, **execute_callable_kwargs)
             ^^^^^^^^^^^^^^^^^^^^^^^^^^^^^^^^^^^^^^^^^^^^^^^^^^^^^^^^^^^^^
  File "/home/airflow/.local/lib/python3.12/site-packages/airflow/models/taskinstance.py", line 432, in _execute_callable
    return execute_callable(context=context, **execute_callable_kwargs)
           ^^^^^^^^^^^^^^^^^^^^^^^^^^^^^^^^^^^^^^^^^^^^^^^^^^^^^^^^^^^^
  File "/home/airflow/.local/lib/python3.12/site-packages/airflow/models/baseoperator.py", line 400, in wrapper
    return func(self, *args, **kwargs)
           ^^^^^^^^^^^^^^^^^^^^^^^^^^^
  File "/home/airflow/.local/lib/python3.12/site-packages/airflow/operators/python.py", line 235, in execute
    return_value = self.execute_callable()
                   ^^^^^^^^^^^^^^^^^^^^^^^
  File "/home/airflow/.local/lib/python3.12/site-packages/airflow/operators/python.py", line 252, in execute_callable
    return self.python_callable(*self.op_args, **self.op_kwargs)
           ^^^^^^^^^^^^^^^^^^^^^^^^^^^^^^^^^^^^^^^^^^^^^^^^^^^^^
  File "/opt/airflow/dags/netflix_pipeline_dag.py", line 152, in task_ingest_users
    from utils.spark_session import get_spark
ModuleNotFoundError: No module named 'utils'
[2026-03-17T08:02:22.902+0000] {taskinstance.py:1206} INFO - Marking task as UP_FOR_RETRY. dag_id=netflix_medallion_pipeline, task_id=ingest_users, run_id=scheduled__2026-03-16T02:00:00+00:00, execution_date=20260316T020000, start_date=20260317T080222, end_date=20260317T080222
[2026-03-17T08:02:22.907+0000] {standard_task_runner.py:110} ERROR - Failed to execute job 9 for task ingest_users (No module named 'utils'; 1981)
[2026-03-17T08:02:22.933+0000] {local_task_job_runner.py:240} INFO - Task exited with return code 1
[2026-03-17T08:02:22.937+0000] {local_task_job_runner.py:222} INFO - ::endgroup::
