[2026-03-17T09:29:22.519+0000] {local_task_job_runner.py:120} INFO - ::group::Pre task execution logs
[2026-03-17T09:29:22.528+0000] {taskinstance.py:2076} INFO - Dependencies all met for dep_context=non-requeueable deps ti=<TaskInstance: netflix_medallion_pipeline.ingest_movies manual__2026-03-17T07:47:57.465698+00:00 [queued]>
[2026-03-17T09:29:22.534+0000] {taskinstance.py:2076} INFO - Dependencies all met for dep_context=requeueable deps ti=<TaskInstance: netflix_medallion_pipeline.ingest_movies manual__2026-03-17T07:47:57.465698+00:00 [queued]>
[2026-03-17T09:29:22.534+0000] {taskinstance.py:2306} INFO - Starting attempt 2 of 4
[2026-03-17T09:29:22.539+0000] {taskinstance.py:2330} INFO - Executing <Task(PythonOperator): ingest_movies> on 2026-03-17 07:47:57.465698+00:00
[2026-03-17T09:29:22.542+0000] {warnings.py:110} WARNING - /home/***/.local/lib/python3.12/site-packages/***/task/task_runner/standard_task_runner.py:61: DeprecationWarning: This process (pid=2220) is multi-threaded, use of fork() may lead to deadlocks in the child.
  pid = os.fork()

[2026-03-17T09:29:22.542+0000] {standard_task_runner.py:63} INFO - Started process 2222 to run task
[2026-03-17T09:29:22.543+0000] {standard_task_runner.py:90} INFO - Running: ['***', 'tasks', 'run', 'netflix_medallion_pipeline', 'ingest_movies', 'manual__2026-03-17T07:47:57.465698+00:00', '--job-id', '21', '--raw', '--subdir', 'DAGS_FOLDER/netflix_pipeline_dag.py', '--cfg-path', '/tmp/tmpotldjkss']
[2026-03-17T09:29:22.544+0000] {standard_task_runner.py:91} INFO - Job 21: Subtask ingest_movies
[2026-03-17T09:29:22.562+0000] {task_command.py:426} INFO - Running <TaskInstance: netflix_medallion_pipeline.ingest_movies manual__2026-03-17T07:47:57.465698+00:00 [running]> on host 0575694016a5
[2026-03-17T09:29:22.592+0000] {taskinstance.py:2648} INFO - Exporting env vars: AIRFLOW_CTX_DAG_EMAIL='data-team@netflix.local' AIRFLOW_CTX_DAG_OWNER='data-engineering' AIRFLOW_CTX_DAG_ID='netflix_medallion_pipeline' AIRFLOW_CTX_TASK_ID='ingest_movies' AIRFLOW_CTX_EXECUTION_DATE='2026-03-17T07:47:57.465698+00:00' AIRFLOW_CTX_TRY_NUMBER='2' AIRFLOW_CTX_DAG_RUN_ID='manual__2026-03-17T07:47:57.465698+00:00'
[2026-03-17T09:29:22.595+0000] {taskinstance.py:430} INFO - ::endgroup::
[2026-03-17T09:29:22.596+0000] {taskinstance.py:441} INFO - ::group::Post task execution logs
[2026-03-17T09:29:22.596+0000] {taskinstance.py:2905} ERROR - Task failed with exception
Traceback (most recent call last):
  File "/home/airflow/.local/lib/python3.12/site-packages/airflow/models/taskinstance.py", line 465, in _execute_task
    result = _execute_callable(context=context, **execute_callable_kwargs)
             ^^^^^^^^^^^^^^^^^^^^^^^^^^^^^^^^^^^^^^^^^^^^^^^^^^^^^^^^^^^^^
  File "/home/airflow/.local/lib/python3.12/site-packages/airflow/models/taskinstance.py", line 432, in _execute_callable
    return execute_callable(context=context, **execute_callable_kwargs)
           ^^^^^^^^^^^^^^^^^^^^^^^^^^^^^^^^^^^^^^^^^^^^^^^^^^^^^^^^^^^^
  File "/home/airflow/.local/lib/python3.12/site-packages/airflow/models/baseoperator.py", line 400, in wrapper
    return func(self, *args, **kwargs)
           ^^^^^^^^^^^^^^^^^^^^^^^^^^^
  File "/home/airflow/.local/lib/python3.12/site-packages/airflow/operators/python.py", line 235, in execute
    return_value = self.execute_callable()
                   ^^^^^^^^^^^^^^^^^^^^^^^
  File "/home/airflow/.local/lib/python3.12/site-packages/airflow/operators/python.py", line 252, in execute_callable
    return self.python_callable(*self.op_args, **self.op_kwargs)
           ^^^^^^^^^^^^^^^^^^^^^^^^^^^^^^^^^^^^^^^^^^^^^^^^^^^^^
  File "/opt/airflow/dags/netflix_pipeline_dag.py", line 130, in task_ingest_movies
    from utils.spark_session import get_spark
ModuleNotFoundError: No module named 'utils'
[2026-03-17T09:29:22.603+0000] {taskinstance.py:1206} INFO - Marking task as UP_FOR_RETRY. dag_id=netflix_medallion_pipeline, task_id=ingest_movies, run_id=manual__2026-03-17T07:47:57.465698+00:00, execution_date=20260317T074757, start_date=20260317T092922, end_date=20260317T092922
[2026-03-17T09:29:22.607+0000] {standard_task_runner.py:110} ERROR - Failed to execute job 21 for task ingest_movies (No module named 'utils'; 2222)
[2026-03-17T09:29:22.642+0000] {local_task_job_runner.py:240} INFO - Task exited with return code 1
[2026-03-17T09:29:22.653+0000] {taskinstance.py:3498} INFO - 0 downstream tasks scheduled from follow-on schedule check
[2026-03-17T09:29:22.653+0000] {local_task_job_runner.py:222} INFO - ::endgroup::
