[2026-03-17T13:41:28.932+0000] {local_task_job_runner.py:120} INFO - ::group::Pre task execution logs
[2026-03-17T13:41:28.941+0000] {taskinstance.py:2076} INFO - Dependencies all met for dep_context=non-requeueable deps ti=<TaskInstance: netflix_medallion_pipeline.ingest_ratings manual__2026-03-17T13:19:24.326784+00:00 [queued]>
[2026-03-17T13:41:28.943+0000] {taskinstance.py:2076} INFO - Dependencies all met for dep_context=requeueable deps ti=<TaskInstance: netflix_medallion_pipeline.ingest_ratings manual__2026-03-17T13:19:24.326784+00:00 [queued]>
[2026-03-17T13:41:28.943+0000] {taskinstance.py:2306} INFO - Starting attempt 3 of 4
[2026-03-17T13:41:28.947+0000] {taskinstance.py:2330} INFO - Executing <Task(PythonOperator): ingest_ratings> on 2026-03-17 13:19:24.326784+00:00
[2026-03-17T13:41:28.950+0000] {warnings.py:110} WARNING - /home/***/.local/lib/python3.12/site-packages/***/task/task_runner/standard_task_runner.py:61: DeprecationWarning: This process (pid=4269) is multi-threaded, use of fork() may lead to deadlocks in the child.
  pid = os.fork()

[2026-03-17T13:41:28.951+0000] {standard_task_runner.py:63} INFO - Started process 4271 to run task
[2026-03-17T13:41:28.951+0000] {standard_task_runner.py:90} INFO - Running: ['***', 'tasks', 'run', 'netflix_medallion_pipeline', 'ingest_ratings', 'manual__2026-03-17T13:19:24.326784+00:00', '--job-id', '38', '--raw', '--subdir', 'DAGS_FOLDER/netflix_pipeline_dag.py', '--cfg-path', '/tmp/tmpouofs82e']
[2026-03-17T13:41:28.952+0000] {standard_task_runner.py:91} INFO - Job 38: Subtask ingest_ratings
[2026-03-17T13:41:28.968+0000] {task_command.py:426} INFO - Running <TaskInstance: netflix_medallion_pipeline.ingest_ratings manual__2026-03-17T13:19:24.326784+00:00 [running]> on host 0575694016a5
[2026-03-17T13:41:28.996+0000] {taskinstance.py:2648} INFO - Exporting env vars: AIRFLOW_CTX_DAG_EMAIL='data-team@netflix.local' AIRFLOW_CTX_DAG_OWNER='data-engineering' AIRFLOW_CTX_DAG_ID='netflix_medallion_pipeline' AIRFLOW_CTX_TASK_ID='ingest_ratings' AIRFLOW_CTX_EXECUTION_DATE='2026-03-17T13:19:24.326784+00:00' AIRFLOW_CTX_TRY_NUMBER='3' AIRFLOW_CTX_DAG_RUN_ID='manual__2026-03-17T13:19:24.326784+00:00'
[2026-03-17T13:41:28.997+0000] {taskinstance.py:430} INFO - ::endgroup::
[2026-03-17T13:41:28.997+0000] {taskinstance.py:441} INFO - ::group::Post task execution logs
[2026-03-17T13:41:28.997+0000] {taskinstance.py:2905} ERROR - Task failed with exception
Traceback (most recent call last):
  File "/home/airflow/.local/lib/python3.12/site-packages/airflow/models/taskinstance.py", line 465, in _execute_task
    result = _execute_callable(context=context, **execute_callable_kwargs)
             ^^^^^^^^^^^^^^^^^^^^^^^^^^^^^^^^^^^^^^^^^^^^^^^^^^^^^^^^^^^^^
  File "/home/airflow/.local/lib/python3.12/site-packages/airflow/models/taskinstance.py", line 432, in _execute_callable
    return execute_callable(context=context, **execute_callable_kwargs)
           ^^^^^^^^^^^^^^^^^^^^^^^^^^^^^^^^^^^^^^^^^^^^^^^^^^^^^^^^^^^^
  File "/home/airflow/.local/lib/python3.12/site-packages/airflow/models/baseoperator.py", line 400, in wrapper
    return func(self, *args, **kwargs)
           ^^^^^^^^^^^^^^^^^^^^^^^^^^^
  File "/home/airflow/.local/lib/python3.12/site-packages/airflow/operators/python.py", line 235, in execute
    return_value = self.execute_callable()
                   ^^^^^^^^^^^^^^^^^^^^^^^
  File "/home/airflow/.local/lib/python3.12/site-packages/airflow/operators/python.py", line 252, in execute_callable
    return self.python_callable(*self.op_args, **self.op_kwargs)
           ^^^^^^^^^^^^^^^^^^^^^^^^^^^^^^^^^^^^^^^^^^^^^^^^^^^^^
  File "/opt/airflow/dags/netflix_pipeline_dag.py", line 105, in task_ingest_ratings
    from utils.spark_session import get_spark
ModuleNotFoundError: No module named 'utils'
[2026-03-17T13:41:29.001+0000] {taskinstance.py:1206} INFO - Marking task as UP_FOR_RETRY. dag_id=netflix_medallion_pipeline, task_id=ingest_ratings, run_id=manual__2026-03-17T13:19:24.326784+00:00, execution_date=20260317T131924, start_date=20260317T134128, end_date=20260317T134129
[2026-03-17T13:41:29.004+0000] {standard_task_runner.py:110} ERROR - Failed to execute job 38 for task ingest_ratings (No module named 'utils'; 4271)
[2026-03-17T13:41:29.010+0000] {local_task_job_runner.py:240} INFO - Task exited with return code 1
[2026-03-17T13:41:29.019+0000] {taskinstance.py:3498} INFO - 0 downstream tasks scheduled from follow-on schedule check
[2026-03-17T13:41:29.020+0000] {local_task_job_runner.py:222} INFO - ::endgroup::
