[2026-03-17T09:20:47.178+0000] {local_task_job_runner.py:120} INFO - ::group::Pre task execution logs
[2026-03-17T09:20:47.188+0000] {taskinstance.py:2076} INFO - Dependencies all met for dep_context=non-requeueable deps ti=<TaskInstance: netflix_medallion_pipeline.build_monitoring_dashboard scheduled__2026-03-16T02:00:00+00:00 [queued]>
[2026-03-17T09:20:47.191+0000] {taskinstance.py:2076} INFO - Dependencies all met for dep_context=requeueable deps ti=<TaskInstance: netflix_medallion_pipeline.build_monitoring_dashboard scheduled__2026-03-16T02:00:00+00:00 [queued]>
[2026-03-17T09:20:47.191+0000] {taskinstance.py:2306} INFO - Starting attempt 1 of 4
[2026-03-17T09:20:47.196+0000] {taskinstance.py:2330} INFO - Executing <Task(PythonOperator): build_monitoring_dashboard> on 2026-03-16 02:00:00+00:00
[2026-03-17T09:20:47.199+0000] {warnings.py:110} WARNING - /home/***/.local/lib/python3.12/site-packages/***/task/task_runner/standard_task_runner.py:61: DeprecationWarning: This process (pid=2208) is multi-threaded, use of fork() may lead to deadlocks in the child.
  pid = os.fork()

[2026-03-17T09:20:47.199+0000] {standard_task_runner.py:63} INFO - Started process 2210 to run task
[2026-03-17T09:20:47.200+0000] {standard_task_runner.py:90} INFO - Running: ['***', 'tasks', 'run', 'netflix_medallion_pipeline', 'build_monitoring_dashboard', 'scheduled__2026-03-16T02:00:00+00:00', '--job-id', '17', '--raw', '--subdir', 'DAGS_FOLDER/netflix_pipeline_dag.py', '--cfg-path', '/tmp/tmpojt2iwcs']
[2026-03-17T09:20:47.201+0000] {standard_task_runner.py:91} INFO - Job 17: Subtask build_monitoring_dashboard
[2026-03-17T09:20:47.220+0000] {task_command.py:426} INFO - Running <TaskInstance: netflix_medallion_pipeline.build_monitoring_dashboard scheduled__2026-03-16T02:00:00+00:00 [running]> on host 0575694016a5
[2026-03-17T09:20:47.252+0000] {taskinstance.py:2648} INFO - Exporting env vars: AIRFLOW_CTX_DAG_EMAIL='data-team@netflix.local' AIRFLOW_CTX_DAG_OWNER='data-engineering' AIRFLOW_CTX_DAG_ID='netflix_medallion_pipeline' AIRFLOW_CTX_TASK_ID='build_monitoring_dashboard' AIRFLOW_CTX_EXECUTION_DATE='2026-03-16T02:00:00+00:00' AIRFLOW_CTX_TRY_NUMBER='1' AIRFLOW_CTX_DAG_RUN_ID='scheduled__2026-03-16T02:00:00+00:00'
[2026-03-17T09:20:47.253+0000] {taskinstance.py:430} INFO - ::endgroup::
[2026-03-17T09:20:47.261+0000] {netflix_pipeline_dag.py:342} INFO - Monitoring dashboard written to /opt/***/logs/reports/monitoring_dashboard.html
[2026-03-17T09:20:47.262+0000] {python.py:237} INFO - Done. Returned value was: None
[2026-03-17T09:20:47.262+0000] {taskinstance.py:441} INFO - ::group::Post task execution logs
[2026-03-17T09:20:47.266+0000] {taskinstance.py:1206} INFO - Marking task as SUCCESS. dag_id=netflix_medallion_pipeline, task_id=build_monitoring_dashboard, run_id=scheduled__2026-03-16T02:00:00+00:00, execution_date=20260316T020000, start_date=20260317T092047, end_date=20260317T092047
[2026-03-17T09:20:47.300+0000] {local_task_job_runner.py:240} INFO - Task exited with return code 0
[2026-03-17T09:20:47.309+0000] {taskinstance.py:3498} INFO - 0 downstream tasks scheduled from follow-on schedule check
[2026-03-17T09:20:47.309+0000] {local_task_job_runner.py:222} INFO - ::endgroup::
