[2026-03-17T10:17:40.773+0000] {local_task_job_runner.py:120} INFO - ::group::Pre task execution logs
[2026-03-17T10:17:40.781+0000] {taskinstance.py:2076} INFO - Dependencies all met for dep_context=non-requeueable deps ti=<TaskInstance: netflix_medallion_pipeline.build_monitoring_dashboard manual__2026-03-17T07:47:57.465698+00:00 [queued]>
[2026-03-17T10:17:40.783+0000] {taskinstance.py:2076} INFO - Dependencies all met for dep_context=requeueable deps ti=<TaskInstance: netflix_medallion_pipeline.build_monitoring_dashboard manual__2026-03-17T07:47:57.465698+00:00 [queued]>
[2026-03-17T10:17:40.784+0000] {taskinstance.py:2306} INFO - Starting attempt 1 of 4
[2026-03-17T10:17:40.788+0000] {taskinstance.py:2330} INFO - Executing <Task(PythonOperator): build_monitoring_dashboard> on 2026-03-17 07:47:57.465698+00:00
[2026-03-17T10:17:40.790+0000] {warnings.py:110} WARNING - /home/***/.local/lib/python3.12/site-packages/***/task/task_runner/standard_task_runner.py:61: DeprecationWarning: This process (pid=2618) is multi-threaded, use of fork() may lead to deadlocks in the child.
  pid = os.fork()

[2026-03-17T10:17:40.791+0000] {standard_task_runner.py:63} INFO - Started process 2620 to run task
[2026-03-17T10:17:40.791+0000] {standard_task_runner.py:90} INFO - Running: ['***', 'tasks', 'run', 'netflix_medallion_pipeline', 'build_monitoring_dashboard', 'manual__2026-03-17T07:47:57.465698+00:00', '--job-id', '29', '--raw', '--subdir', 'DAGS_FOLDER/netflix_pipeline_dag.py', '--cfg-path', '/tmp/tmp4bf9eedc']
[2026-03-17T10:17:40.792+0000] {standard_task_runner.py:91} INFO - Job 29: Subtask build_monitoring_dashboard
[2026-03-17T10:17:40.808+0000] {task_command.py:426} INFO - Running <TaskInstance: netflix_medallion_pipeline.build_monitoring_dashboard manual__2026-03-17T07:47:57.465698+00:00 [running]> on host 0575694016a5
[2026-03-17T10:17:40.836+0000] {taskinstance.py:2648} INFO - Exporting env vars: AIRFLOW_CTX_DAG_EMAIL='data-team@netflix.local' AIRFLOW_CTX_DAG_OWNER='data-engineering' AIRFLOW_CTX_DAG_ID='netflix_medallion_pipeline' AIRFLOW_CTX_TASK_ID='build_monitoring_dashboard' AIRFLOW_CTX_EXECUTION_DATE='2026-03-17T07:47:57.465698+00:00' AIRFLOW_CTX_TRY_NUMBER='1' AIRFLOW_CTX_DAG_RUN_ID='manual__2026-03-17T07:47:57.465698+00:00'
[2026-03-17T10:17:40.837+0000] {taskinstance.py:430} INFO - ::endgroup::
[2026-03-17T10:17:40.838+0000] {netflix_pipeline_dag.py:342} INFO - Monitoring dashboard written to /opt/***/logs/reports/monitoring_dashboard.html
[2026-03-17T10:17:40.838+0000] {python.py:237} INFO - Done. Returned value was: None
[2026-03-17T10:17:40.838+0000] {taskinstance.py:441} INFO - ::group::Post task execution logs
[2026-03-17T10:17:40.841+0000] {taskinstance.py:1206} INFO - Marking task as SUCCESS. dag_id=netflix_medallion_pipeline, task_id=build_monitoring_dashboard, run_id=manual__2026-03-17T07:47:57.465698+00:00, execution_date=20260317T074757, start_date=20260317T101740, end_date=20260317T101740
[2026-03-17T10:17:40.849+0000] {local_task_job_runner.py:240} INFO - Task exited with return code 0
[2026-03-17T10:17:40.856+0000] {taskinstance.py:3498} INFO - 0 downstream tasks scheduled from follow-on schedule check
[2026-03-17T10:17:40.857+0000] {local_task_job_runner.py:222} INFO - ::endgroup::
